<?xml version="1.0" encoding="UTF-8"?>
<testsuite name="pt.up.fe.ldts.example5.TurtleSpockTest" tests="3" skipped="0" failures="3" errors="0" timestamp="2022-11-23T20:40:32" hostname="omega" time="0.476">
  <properties/>
  <testcase name="Rotate Left" classname="pt.up.fe.ldts.example5.TurtleSpockTest" time="0.468">
    <failure message="Condition not satisfied:&#10;&#10;'W' == turtle.getDirection()&#10;    |  |      |&#10;    |  |      &lt;pt.up.fe.ldts.example5.TurtleWest@7971002 turtle=pt.up.fe.ldts.example5.Turtle@1e9853ef&gt;&#10;    |  &lt;pt.up.fe.ldts.example5.Turtle@1e9853ef row=5 column=5 direction=pt.up.fe.ldts.example5.TurtleWest@7971002&gt;&#10;    false&#10;" type="org.spockframework.runtime.SpockComparisonFailure">Condition not satisfied:

'W' == turtle.getDirection()
    |  |      |
    |  |      &lt;pt.up.fe.ldts.example5.TurtleWest@7971002 turtle=pt.up.fe.ldts.example5.Turtle@1e9853ef&gt;
    |  &lt;pt.up.fe.ldts.example5.Turtle@1e9853ef row=5 column=5 direction=pt.up.fe.ldts.example5.TurtleWest@7971002&gt;
    false

	at pt.up.fe.ldts.example5.TurtleSpockTest.Rotate Left(TurtleSpockTest.groovy:15)
</failure>
  </testcase>
  <testcase name="Rotate Right" classname="pt.up.fe.ldts.example5.TurtleSpockTest" time="0.003">
    <failure message="Condition not satisfied:&#10;&#10;'E' == turtle.getDirection()&#10;    |  |      |&#10;    |  |      &lt;pt.up.fe.ldts.example5.TurtleEast@407cf50b turtle=pt.up.fe.ldts.example5.Turtle@68f21a08&gt;&#10;    |  &lt;pt.up.fe.ldts.example5.Turtle@68f21a08 row=5 column=5 direction=pt.up.fe.ldts.example5.TurtleEast@407cf50b&gt;&#10;    false&#10;" type="org.spockframework.runtime.SpockComparisonFailure">Condition not satisfied:

'E' == turtle.getDirection()
    |  |      |
    |  |      &lt;pt.up.fe.ldts.example5.TurtleEast@407cf50b turtle=pt.up.fe.ldts.example5.Turtle@68f21a08&gt;
    |  &lt;pt.up.fe.ldts.example5.Turtle@68f21a08 row=5 column=5 direction=pt.up.fe.ldts.example5.TurtleEast@407cf50b&gt;
    false

	at pt.up.fe.ldts.example5.TurtleSpockTest.Rotate Right(TurtleSpockTest.groovy:48)
</failure>
  </testcase>
  <testcase name="Forward" classname="pt.up.fe.ldts.example5.TurtleSpockTest" time="0.005">
    <failure message="Condition not satisfied:&#10;&#10;4 == turtleN.getRow()&#10;  |  |       |&#10;  |  |       5&#10;  |  &lt;pt.up.fe.ldts.example5.Turtle@6d67b740 row=5 column=6 direction=pt.up.fe.ldts.example5.TurtleNorth@702931f&gt;&#10;  false&#10;" type="org.spockframework.runtime.SpockComparisonFailure">Condition not satisfied:

4 == turtleN.getRow()
  |  |       |
  |  |       5
  |  &lt;pt.up.fe.ldts.example5.Turtle@6d67b740 row=5 column=6 direction=pt.up.fe.ldts.example5.TurtleNorth@702931f&gt;
  false

	at pt.up.fe.ldts.example5.TurtleSpockTest.Forward(TurtleSpockTest.groovy:87)
</failure>
  </testcase>
  <system-out><![CDATA[]]></system-out>
  <system-err><![CDATA[]]></system-err>
</testsuite>
